INFO  Start processing
INFO  Hexo is running at http://localhost:4000/. Press Ctrl+C to stop.
INFO  Start processing
INFO  Hexo is running at http://localhost:4000/. Press Ctrl+C to stop.
INFO  Start processing
INFO  Hexo is running at http://localhost:4000/. Press Ctrl+C to stop.
Usage: hexo <command>

Commands:
  clean     Remove generated files and cache.
  config    Get or set configurations.
  deploy    Deploy your website.
  generate  Generate static files.
  help      Get help on a command.
  init      Create a new Hexo folder.
  list      List the information of the site
  migrate   Migrate your site from other system to Hexo.
  new       Create a new post.
  publish   Moves a draft post from _drafts to _posts folder.
  render    Render files with renderer plugins.
  server    Start the server.
  version   Display version information.

Global Options:
  --config  Specify config file instead of using _config.yml
  --cwd     Specify the CWD
  --debug   Display all verbose messages in the terminal
  --draft   Display draft posts
  --safe    Disable all plugins and scripts
  --silent  Hide output on console

For more help, you can use 'hexo help [command]' for the detailed information
or you can check the docs: http://hexo.io/docs/
INFO  Start processing
INFO  Hexo is running at http://localhost:8080/. Press Ctrl+C to stop.
INFO  Start processing
INFO  Hexo is running at http://localhost:80/. Press Ctrl+C to stop.
INFO  Start processing
INFO  Hexo is running at http://localhost:8080/. Press Ctrl+C to stop.
INFO  Start processing
INFO  Hexo is running at http://localhost:80/. Press Ctrl+C to stop.
INFO  Start processing
INFO  Hexo is running at http://localhost:80/. Press Ctrl+C to stop.
INFO  Start processing
INFO  Hexo is running at http://localhost:80/. Press Ctrl+C to stop.
INFO  Start processing
INFO  Hexo is running at http://localhost:80/. Press Ctrl+C to stop.
INFO  Start processing
INFO  Hexo is running at http://localhost:80/. Press Ctrl+C to stop.
INFO  Farewell
INFO  Start processing
INFO  Hexo is running at http://localhost:80/. Press Ctrl+C to stop.
INFO  Catch you later
INFO  Start processing
INFO  Hexo is running at http://localhost:4000/. Press Ctrl+C to stop.
INFO  Start processing
INFO  Hexo is running at http://localhost:80/. Press Ctrl+C to stop.
INFO  Start processing
INFO  Hexo is running at http://localhost:8080/. Press Ctrl+C to stop.
INFO  Start processing
INFO  Hexo is running at http://localhost:80/. Press Ctrl+C to stop.
URIError: URI malformed
    at decodeURIComponent (<anonymous>)
    at /dutao/hexo-dt/node_modules/hexo-server/lib/middlewares/route.js:18:28
    at call (/dutao/hexo-dt/node_modules/connect/index.js:239:7)
    at next (/dutao/hexo-dt/node_modules/connect/index.js:183:5)
    at /dutao/hexo-dt/node_modules/hexo-server/lib/middlewares/header.js:9:5
    at call (/dutao/hexo-dt/node_modules/connect/index.js:239:7)
    at next (/dutao/hexo-dt/node_modules/connect/index.js:183:5)
    at Function.handle (/dutao/hexo-dt/node_modules/connect/index.js:186:3)
    at Server.app (/dutao/hexo-dt/node_modules/connect/index.js:51:37)
    at emitTwo (events.js:125:13)
    at Server.emit (events.js:213:7)
    at parserOnIncoming (_http_server.js:602:12)
    at HTTPParser.parserOnHeadersComplete (_http_common.js:116:23)
URIError: URI malformed
    at decodeURIComponent (<anonymous>)
    at /dutao/hexo-dt/node_modules/hexo-server/lib/middlewares/route.js:18:28
    at call (/dutao/hexo-dt/node_modules/connect/index.js:239:7)
    at next (/dutao/hexo-dt/node_modules/connect/index.js:183:5)
    at /dutao/hexo-dt/node_modules/hexo-server/lib/middlewares/header.js:9:5
    at call (/dutao/hexo-dt/node_modules/connect/index.js:239:7)
    at next (/dutao/hexo-dt/node_modules/connect/index.js:183:5)
    at Function.handle (/dutao/hexo-dt/node_modules/connect/index.js:186:3)
    at Server.app (/dutao/hexo-dt/node_modules/connect/index.js:51:37)
    at emitTwo (events.js:125:13)
    at Server.emit (events.js:213:7)
    at parserOnIncoming (_http_server.js:602:12)
    at HTTPParser.parserOnHeadersComplete (_http_common.js:116:23)
URIError: URI malformed
    at decodeURIComponent (<anonymous>)
    at /dutao/hexo-dt/node_modules/hexo-server/lib/middlewares/route.js:18:28
    at call (/dutao/hexo-dt/node_modules/connect/index.js:239:7)
    at next (/dutao/hexo-dt/node_modules/connect/index.js:183:5)
    at /dutao/hexo-dt/node_modules/hexo-server/lib/middlewares/header.js:9:5
    at call (/dutao/hexo-dt/node_modules/connect/index.js:239:7)
    at next (/dutao/hexo-dt/node_modules/connect/index.js:183:5)
    at Function.handle (/dutao/hexo-dt/node_modules/connect/index.js:186:3)
    at Server.app (/dutao/hexo-dt/node_modules/connect/index.js:51:37)
    at emitTwo (events.js:125:13)
    at Server.emit (events.js:213:7)
    at parserOnIncoming (_http_server.js:602:12)
    at HTTPParser.parserOnHeadersComplete (_http_common.js:116:23)
INFO  Start processing
INFO  Hexo is running at http://localhost:80/. Press Ctrl+C to stop.
